<?xml version="1.0" encoding="UTF-8"?>
<coverage generated="1685026068979" clover="3.2.0">
  <project timestamp="1685026068979" name="All files">
    <metrics statements="15" coveredstatements="10" conditionals="2" coveredconditionals="2" methods="6" coveredmethods="3" elements="23" coveredelements="15" complexity="0" loc="15" ncloc="15" packages="1" files="1" classes="1"/>
    <file name="affichageTemoignages.jsx" path="C:\Users\lulub\Desktop\ZoneDeTravail\Ecole-Professionel\Ecole\TI\2eme\Cours\devIII\Projet_DevIII\Projet_DevIII\frontend\src\components\affichageTemoignages.jsx">
      <metrics statements="15" coveredstatements="10" conditionals="2" coveredconditionals="2" methods="6" coveredmethods="3"/>
      <line num="4" count="2" type="stmt"/>
      <line num="5" count="2" type="stmt"/>
      <line num="6" count="2" type="stmt"/>
      <line num="9" count="1" type="stmt"/>
      <line num="10" count="1" type="stmt"/>
      <line num="16" count="0" type="stmt"/>
      <line num="20" count="0" type="stmt"/>
      <line num="21" count="0" type="stmt"/>
      <line num="22" count="0" type="stmt"/>
      <line num="28" count="2" type="stmt"/>
      <line num="29" count="1" type="stmt"/>
      <line num="34" count="2" type="cond" truecount="2" falsecount="0"/>
      <line num="35" count="1" type="stmt"/>
      <line num="37" count="1" type="stmt"/>
      <line num="44" count="0" type="stmt"/>
    </file>
  </project>
</coverage>
