{"C:\\Users\\lulub\\Desktop\\ZoneDeTravail\\Ecole-Professionel\\Ecole\\TI\\2eme\\Cours\\devIII\\Projet_DevIII\\Projet_DevIII\\frontend\\src\\components\\affichageTemoignages.jsx": {"path":"C:\\Users\\lulub\\Desktop\\ZoneDeTravail\\Ecole-Professionel\\Ecole\\TI\\2eme\\Cours\\devIII\\Projet_DevIII\\Projet_DevIII\\frontend\\src\\components\\affichageTemoignages.jsx","statementMap":{"0":{"start":{"line":4,"column":26},"end":{"line":4,"column":38}},"1":{"start":{"line":5,"column":38},"end":{"line":5,"column":53}},"2":{"start":{"line":6,"column":16},"end":{"line":6,"column":29}},"3":{"start":{"line":9,"column":8},"end":{"line":9,"column":26}},"4":{"start":{"line":10,"column":8},"end":{"line":26,"column":14}},"5":{"start":{"line":16,"column":30},"end":{"line":16,"column":45}},"6":{"start":{"line":20,"column":20},"end":{"line":20,"column":39}},"7":{"start":{"line":21,"column":20},"end":{"line":21,"column":41}},"8":{"start":{"line":22,"column":20},"end":{"line":22,"column":36}},"9":{"start":{"line":28,"column":4},"end":{"line":30,"column":11}},"10":{"start":{"line":29,"column":8},"end":{"line":29,"column":23}},"11":{"start":{"line":34,"column":4},"end":{"line":36,"column":5}},"12":{"start":{"line":35,"column":8},"end":{"line":35,"column":53}},"13":{"start":{"line":37,"column":4},"end":{"line":52,"column":6}},"14":{"start":{"line":44,"column":16},"end":{"line":48,"column":23}}},"fnMap":{"0":{"name":"AffichageTemoignages","decl":{"start":{"line":3,"column":9},"end":{"line":3,"column":29}},"loc":{"start":{"line":3,"column":41},"end":{"line":54,"column":1}},"line":3},"1":{"name":"getTemoignage","decl":{"start":{"line":8,"column":19},"end":{"line":8,"column":32}},"loc":{"start":{"line":8,"column":35},"end":{"line":27,"column":5}},"line":8},"2":{"name":"(anonymous_2)","decl":{"start":{"line":16,"column":18},"end":{"line":16,"column":19}},"loc":{"start":{"line":16,"column":30},"end":{"line":16,"column":45}},"line":16},"3":{"name":"(anonymous_3)","decl":{"start":{"line":17,"column":18},"end":{"line":17,"column":19}},"loc":{"start":{"line":17,"column":26},"end":{"line":26,"column":13}},"line":17},"4":{"name":"(anonymous_4)","decl":{"start":{"line":28,"column":14},"end":{"line":28,"column":15}},"loc":{"start":{"line":28,"column":20},"end":{"line":30,"column":5}},"line":28},"5":{"name":"(anonymous_5)","decl":{"start":{"line":43,"column":21},"end":{"line":43,"column":22}},"loc":{"start":{"line":43,"column":37},"end":{"line":48,"column":24}},"line":43}},"branchMap":{"0":{"loc":{"start":{"line":34,"column":4},"end":{"line":36,"column":5}},"type":"if","locations":[{"start":{"line":34,"column":4},"end":{"line":36,"column":5}},{"start":{},"end":{}}],"line":34}},"s":{"0":2,"1":2,"2":2,"3":1,"4":1,"5":0,"6":0,"7":0,"8":0,"9":2,"10":1,"11":2,"12":1,"13":1,"14":0},"f":{"0":2,"1":1,"2":0,"3":0,"4":1,"5":0},"b":{"0":[1,1]},"_coverageSchema":"1a1c01bbd47fc00a2c39e90264f33305004495a9","hash":"cf276c0eda919a46b2e0ba4b70525ef8b2a2a3d4"}
}
