{"C:\\Users\\lulub\\Desktop\\ZoneDeTravail\\Ecole-Professionel\\Ecole\\TI\\2eme\\Cours\\devIII\\Projet_DevIII\\Projet_DevIII\\frontend\\src\\App.js": {"path":"C:\\Users\\lulub\\Desktop\\ZoneDeTravail\\Ecole-Professionel\\Ecole\\TI\\2eme\\Cours\\devIII\\Projet_DevIII\\Projet_DevIII\\frontend\\src\\App.js","statementMap":{"0":{"start":{"line":18,"column":4},"end":{"line":32,"column":6}}},"fnMap":{"0":{"name":"App","decl":{"start":{"line":15,"column":9},"end":{"line":15,"column":12}},"loc":{"start":{"line":15,"column":15},"end":{"line":36,"column":1}},"line":15}},"branchMap":{},"s":{"0":0},"f":{"0":0},"b":{}}
,"C:\\Users\\lulub\\Desktop\\ZoneDeTravail\\Ecole-Professionel\\Ecole\\TI\\2eme\\Cours\\devIII\\Projet_DevIII\\Projet_DevIII\\frontend\\src\\components\\AdminPanelInfo.jsx": {"path":"C:\\Users\\lulub\\Desktop\\ZoneDeTravail\\Ecole-Professionel\\Ecole\\TI\\2eme\\Cours\\devIII\\Projet_DevIII\\Projet_DevIII\\frontend\\src\\components\\AdminPanelInfo.jsx","statementMap":{"0":{"start":{"line":17,"column":44},"end":{"line":17,"column":59}},"1":{"start":{"line":18,"column":46},"end":{"line":18,"column":61}},"2":{"start":{"line":19,"column":46},"end":{"line":19,"column":61}},"3":{"start":{"line":22,"column":8},"end":{"line":22,"column":30}},"4":{"start":{"line":23,"column":8},"end":{"line":23,"column":32}},"5":{"start":{"line":24,"column":8},"end":{"line":24,"column":32}},"6":{"start":{"line":28,"column":8},"end":{"line":28,"column":31}},"7":{"start":{"line":29,"column":8},"end":{"line":29,"column":31}},"8":{"start":{"line":30,"column":8},"end":{"line":30,"column":32}},"9":{"start":{"line":34,"column":8},"end":{"line":34,"column":31}},"10":{"start":{"line":35,"column":8},"end":{"line":35,"column":32}},"11":{"start":{"line":36,"column":8},"end":{"line":36,"column":31}},"12":{"start":{"line":39,"column":0},"end":{"line":81,"column":4}}},"fnMap":{"0":{"name":"AdminPanelInfo","decl":{"start":{"line":15,"column":9},"end":{"line":15,"column":23}},"loc":{"start":{"line":15,"column":26},"end":{"line":82,"column":1}},"line":15},"1":{"name":"handleCalendarClick","decl":{"start":{"line":21,"column":13},"end":{"line":21,"column":32}},"loc":{"start":{"line":21,"column":35},"end":{"line":25,"column":5}},"line":21},"2":{"name":"handleDashboardClick","decl":{"start":{"line":27,"column":13},"end":{"line":27,"column":33}},"loc":{"start":{"line":27,"column":36},"end":{"line":31,"column":5}},"line":27},"3":{"name":"handleAnamnesesClick","decl":{"start":{"line":33,"column":13},"end":{"line":33,"column":33}},"loc":{"start":{"line":33,"column":36},"end":{"line":37,"column":5}},"line":33}},"branchMap":{"0":{"loc":{"start":{"line":67,"column":13},"end":{"line":67,"column":44}},"type":"binary-expr","locations":[{"start":{"line":67,"column":13},"end":{"line":67,"column":25}},{"start":{"line":67,"column":29},"end":{"line":67,"column":44}}],"line":67},"1":{"loc":{"start":{"line":68,"column":13},"end":{"line":68,"column":50}},"type":"binary-expr","locations":[{"start":{"line":68,"column":13},"end":{"line":68,"column":26}},{"start":{"line":68,"column":30},"end":{"line":68,"column":50}}],"line":68},"2":{"loc":{"start":{"line":69,"column":13},"end":{"line":69,"column":46}},"type":"binary-expr","locations":[{"start":{"line":69,"column":13},"end":{"line":69,"column":26}},{"start":{"line":69,"column":30},"end":{"line":69,"column":46}}],"line":69}},"s":{"0":0,"1":0,"2":0,"3":0,"4":0,"5":0,"6":0,"7":0,"8":0,"9":0,"10":0,"11":0,"12":0},"f":{"0":0,"1":0,"2":0,"3":0},"b":{"0":[0,0],"1":[0,0],"2":[0,0]}}
,"C:\\Users\\lulub\\Desktop\\ZoneDeTravail\\Ecole-Professionel\\Ecole\\TI\\2eme\\Cours\\devIII\\Projet_DevIII\\Projet_DevIII\\frontend\\src\\components\\Anamneses.js": {"path":"C:\\Users\\lulub\\Desktop\\ZoneDeTravail\\Ecole-Professionel\\Ecole\\TI\\2eme\\Cours\\devIII\\Projet_DevIII\\Projet_DevIII\\frontend\\src\\components\\Anamneses.js","statementMap":{"0":{"start":{"line":4,"column":26},"end":{"line":4,"column":38}},"1":{"start":{"line":5,"column":38},"end":{"line":5,"column":53}},"2":{"start":{"line":6,"column":46},"end":{"line":6,"column":57}},"3":{"start":{"line":7,"column":52},"end":{"line":7,"column":63}},"4":{"start":{"line":9,"column":16},"end":{"line":9,"column":29}},"5":{"start":{"line":12,"column":8},"end":{"line":12,"column":38}},"6":{"start":{"line":13,"column":8},"end":{"line":13,"column":34}},"7":{"start":{"line":17,"column":8},"end":{"line":17,"column":37}},"8":{"start":{"line":18,"column":8},"end":{"line":18,"column":34}},"9":{"start":{"line":22,"column":8},"end":{"line":22,"column":32}},"10":{"start":{"line":23,"column":8},"end":{"line":23,"column":37}},"11":{"start":{"line":27,"column":8},"end":{"line":27,"column":30}},"12":{"start":{"line":29,"column":8},"end":{"line":29,"column":30}},"13":{"start":{"line":31,"column":8},"end":{"line":31,"column":47}},"14":{"start":{"line":32,"column":8},"end":{"line":58,"column":50}},"15":{"start":{"line":46,"column":30},"end":{"line":46,"column":88}},"16":{"start":{"line":49,"column":16},"end":{"line":49,"column":34}},"17":{"start":{"line":50,"column":16},"end":{"line":50,"column":30}},"18":{"start":{"line":58,"column":28},"end":{"line":58,"column":48}},"19":{"start":{"line":62,"column":8},"end":{"line":62,"column":30}},"20":{"start":{"line":64,"column":8},"end":{"line":64,"column":30}},"21":{"start":{"line":66,"column":8},"end":{"line":66,"column":47}},"22":{"start":{"line":67,"column":8},"end":{"line":93,"column":50}},"23":{"start":{"line":81,"column":30},"end":{"line":81,"column":88}},"24":{"start":{"line":84,"column":16},"end":{"line":84,"column":34}},"25":{"start":{"line":85,"column":16},"end":{"line":85,"column":30}},"26":{"start":{"line":93,"column":28},"end":{"line":93,"column":48}},"27":{"start":{"line":99,"column":8},"end":{"line":99,"column":26}},"28":{"start":{"line":100,"column":8},"end":{"line":112,"column":14}},"29":{"start":{"line":106,"column":30},"end":{"line":106,"column":45}},"30":{"start":{"line":109,"column":16},"end":{"line":109,"column":35}},"31":{"start":{"line":110,"column":16},"end":{"line":110,"column":37}},"32":{"start":{"line":111,"column":16},"end":{"line":111,"column":32}},"33":{"start":{"line":116,"column":4},"end":{"line":118,"column":11}},"34":{"start":{"line":117,"column":8},"end":{"line":117,"column":22}},"35":{"start":{"line":120,"column":4},"end":{"line":122,"column":5}},"36":{"start":{"line":121,"column":8},"end":{"line":121,"column":53}},"37":{"start":{"line":123,"column":4},"end":{"line":178,"column":6}},"38":{"start":{"line":127,"column":28},"end":{"line":127,"column":33}},"39":{"start":{"line":128,"column":16},"end":{"line":174,"column":17}},"40":{"start":{"line":134,"column":91},"end":{"line":134,"column":122}},"41":{"start":{"line":137,"column":77},"end":{"line":137,"column":107}},"42":{"start":{"line":148,"column":91},"end":{"line":148,"column":119}},"43":{"start":{"line":154,"column":69},"end":{"line":154,"column":88}},"44":{"start":{"line":157,"column":81},"end":{"line":157,"column":110}}},"fnMap":{"0":{"name":"Anamneses","decl":{"start":{"line":3,"column":9},"end":{"line":3,"column":18}},"loc":{"start":{"line":3,"column":30},"end":{"line":180,"column":1}},"line":3},"1":{"name":"ajouterAnamnese","decl":{"start":{"line":11,"column":13},"end":{"line":11,"column":28}},"loc":{"start":{"line":11,"column":38},"end":{"line":14,"column":5}},"line":11},"2":{"name":"voirAnamnese","decl":{"start":{"line":16,"column":13},"end":{"line":16,"column":25}},"loc":{"start":{"line":16,"column":35},"end":{"line":19,"column":5}},"line":16},"3":{"name":"modifierAnamnese","decl":{"start":{"line":21,"column":13},"end":{"line":21,"column":29}},"loc":{"start":{"line":21,"column":34},"end":{"line":24,"column":5}},"line":21},"4":{"name":"postAnamnese","decl":{"start":{"line":26,"column":19},"end":{"line":26,"column":31}},"loc":{"start":{"line":26,"column":48},"end":{"line":59,"column":5}},"line":26},"5":{"name":"(anonymous_5)","decl":{"start":{"line":46,"column":18},"end":{"line":46,"column":19}},"loc":{"start":{"line":46,"column":30},"end":{"line":46,"column":88}},"line":46},"6":{"name":"(anonymous_6)","decl":{"start":{"line":47,"column":18},"end":{"line":47,"column":19}},"loc":{"start":{"line":47,"column":26},"end":{"line":57,"column":13}},"line":47},"7":{"name":"(anonymous_7)","decl":{"start":{"line":58,"column":19},"end":{"line":58,"column":20}},"loc":{"start":{"line":58,"column":28},"end":{"line":58,"column":48}},"line":58},"8":{"name":"putAnamnese","decl":{"start":{"line":61,"column":19},"end":{"line":61,"column":30}},"loc":{"start":{"line":61,"column":47},"end":{"line":94,"column":5}},"line":61},"9":{"name":"(anonymous_9)","decl":{"start":{"line":81,"column":18},"end":{"line":81,"column":19}},"loc":{"start":{"line":81,"column":30},"end":{"line":81,"column":88}},"line":81},"10":{"name":"(anonymous_10)","decl":{"start":{"line":82,"column":18},"end":{"line":82,"column":19}},"loc":{"start":{"line":82,"column":26},"end":{"line":92,"column":13}},"line":82},"11":{"name":"(anonymous_11)","decl":{"start":{"line":93,"column":19},"end":{"line":93,"column":20}},"loc":{"start":{"line":93,"column":28},"end":{"line":93,"column":48}},"line":93},"12":{"name":"getAnamneses","decl":{"start":{"line":97,"column":19},"end":{"line":97,"column":31}},"loc":{"start":{"line":97,"column":34},"end":{"line":113,"column":5}},"line":97},"13":{"name":"(anonymous_13)","decl":{"start":{"line":106,"column":18},"end":{"line":106,"column":19}},"loc":{"start":{"line":106,"column":30},"end":{"line":106,"column":45}},"line":106},"14":{"name":"(anonymous_14)","decl":{"start":{"line":107,"column":18},"end":{"line":107,"column":19}},"loc":{"start":{"line":107,"column":26},"end":{"line":112,"column":13}},"line":107},"15":{"name":"(anonymous_15)","decl":{"start":{"line":116,"column":14},"end":{"line":116,"column":15}},"loc":{"start":{"line":116,"column":20},"end":{"line":118,"column":5}},"line":116},"16":{"name":"(anonymous_16)","decl":{"start":{"line":126,"column":21},"end":{"line":126,"column":22}},"loc":{"start":{"line":126,"column":37},"end":{"line":174,"column":18}},"line":126},"17":{"name":"(anonymous_17)","decl":{"start":{"line":134,"column":87},"end":{"line":134,"column":88}},"loc":{"start":{"line":134,"column":91},"end":{"line":134,"column":122}},"line":134},"18":{"name":"(anonymous_18)","decl":{"start":{"line":137,"column":73},"end":{"line":137,"column":74}},"loc":{"start":{"line":137,"column":77},"end":{"line":137,"column":107}},"line":137},"19":{"name":"(anonymous_19)","decl":{"start":{"line":148,"column":87},"end":{"line":148,"column":88}},"loc":{"start":{"line":148,"column":91},"end":{"line":148,"column":119}},"line":148},"20":{"name":"(anonymous_20)","decl":{"start":{"line":154,"column":65},"end":{"line":154,"column":66}},"loc":{"start":{"line":154,"column":69},"end":{"line":154,"column":88}},"line":154},"21":{"name":"(anonymous_21)","decl":{"start":{"line":157,"column":77},"end":{"line":157,"column":78}},"loc":{"start":{"line":157,"column":81},"end":{"line":157,"column":110}},"line":157}},"branchMap":{"0":{"loc":{"start":{"line":46,"column":30},"end":{"line":46,"column":88}},"type":"binary-expr","locations":[{"start":{"line":46,"column":30},"end":{"line":46,"column":69}},{"start":{"line":46,"column":73},"end":{"line":46,"column":88}}],"line":46},"1":{"loc":{"start":{"line":81,"column":30},"end":{"line":81,"column":88}},"type":"binary-expr","locations":[{"start":{"line":81,"column":30},"end":{"line":81,"column":69}},{"start":{"line":81,"column":73},"end":{"line":81,"column":88}}],"line":81},"2":{"loc":{"start":{"line":120,"column":4},"end":{"line":122,"column":5}},"type":"if","locations":[{"start":{"line":120,"column":4},"end":{"line":122,"column":5}},{"start":{},"end":{}}],"line":120},"3":{"loc":{"start":{"line":132,"column":29},"end":{"line":166,"column":38}},"type":"cond-expr","locations":[{"start":{"line":133,"column":32},"end":{"line":145,"column":38}},{"start":{"line":147,"column":32},"end":{"line":166,"column":38}}],"line":132},"4":{"loc":{"start":{"line":135,"column":33},"end":{"line":143,"column":40}},"type":"cond-expr","locations":[{"start":{"line":136,"column":36},"end":{"line":141,"column":42}},{"start":{"line":143,"column":36},"end":{"line":143,"column":40}}],"line":135},"5":{"loc":{"start":{"line":149,"column":33},"end":{"line":164,"column":40}},"type":"cond-expr","locations":[{"start":{"line":150,"column":36},"end":{"line":162,"column":42}},{"start":{"line":164,"column":36},"end":{"line":164,"column":40}}],"line":149},"6":{"loc":{"start":{"line":151,"column":41},"end":{"line":160,"column":51}},"type":"cond-expr","locations":[{"start":{"line":152,"column":44},"end":{"line":155,"column":50}},{"start":{"line":157,"column":44},"end":{"line":160,"column":51}}],"line":151}},"s":{"0":0,"1":0,"2":0,"3":0,"4":0,"5":0,"6":0,"7":0,"8":0,"9":0,"10":0,"11":0,"12":0,"13":0,"14":0,"15":0,"16":0,"17":0,"18":0,"19":0,"20":0,"21":0,"22":0,"23":0,"24":0,"25":0,"26":0,"27":0,"28":0,"29":0,"30":0,"31":0,"32":0,"33":0,"34":0,"35":0,"36":0,"37":0,"38":0,"39":0,"40":0,"41":0,"42":0,"43":0,"44":0},"f":{"0":0,"1":0,"2":0,"3":0,"4":0,"5":0,"6":0,"7":0,"8":0,"9":0,"10":0,"11":0,"12":0,"13":0,"14":0,"15":0,"16":0,"17":0,"18":0,"19":0,"20":0,"21":0},"b":{"0":[0,0],"1":[0,0],"2":[0,0],"3":[0,0],"4":[0,0],"5":[0,0],"6":[0,0]}}
,"C:\\Users\\lulub\\Desktop\\ZoneDeTravail\\Ecole-Professionel\\Ecole\\TI\\2eme\\Cours\\devIII\\Projet_DevIII\\Projet_DevIII\\frontend\\src\\components\\Calendar.jsx": {"path":"C:\\Users\\lulub\\Desktop\\ZoneDeTravail\\Ecole-Professionel\\Ecole\\TI\\2eme\\Cours\\devIII\\Projet_DevIII\\Projet_DevIII\\frontend\\src\\components\\Calendar.jsx","statementMap":{"0":{"start":{"line":10,"column":38},"end":{"line":10,"column":53}},"1":{"start":{"line":11,"column":32},"end":{"line":11,"column":44}},"2":{"start":{"line":12,"column":24},"end":{"line":12,"column":36}},"3":{"start":{"line":14,"column":25},"end":{"line":23,"column":5}},"4":{"start":{"line":15,"column":26},"end":{"line":15,"column":54}},"5":{"start":{"line":16,"column":8},"end":{"line":22,"column":11}},"6":{"start":{"line":26,"column":8},"end":{"line":47,"column":9}},"7":{"start":{"line":27,"column":30},"end":{"line":32,"column":15}},"8":{"start":{"line":33,"column":29},"end":{"line":39,"column":14}},"9":{"start":{"line":40,"column":12},"end":{"line":40,"column":51}},"10":{"start":{"line":41,"column":12},"end":{"line":44,"column":13}},"11":{"start":{"line":42,"column":30},"end":{"line":42,"column":51}},"12":{"start":{"line":43,"column":16},"end":{"line":43,"column":60}},"13":{"start":{"line":46,"column":12},"end":{"line":46,"column":61}},"14":{"start":{"line":51,"column":8},"end":{"line":77,"column":9}},"15":{"start":{"line":52,"column":26},"end":{"line":52,"column":58}},"16":{"start":{"line":53,"column":24},"end":{"line":53,"column":54}},"17":{"start":{"line":54,"column":29},"end":{"line":61,"column":14}},"18":{"start":{"line":63,"column":12},"end":{"line":74,"column":13}},"19":{"start":{"line":64,"column":31},"end":{"line":64,"column":52}},"20":{"start":{"line":65,"column":37},"end":{"line":70,"column":21}},"21":{"start":{"line":65,"column":67},"end":{"line":70,"column":19}},"22":{"start":{"line":71,"column":16},"end":{"line":71,"column":40}},"23":{"start":{"line":73,"column":16},"end":{"line":73,"column":76}},"24":{"start":{"line":76,"column":12},"end":{"line":76,"column":61}},"25":{"start":{"line":82,"column":4},"end":{"line":108,"column":5}},"26":{"start":{"line":85,"column":35},"end":{"line":85,"column":53}},"27":{"start":{"line":97,"column":43},"end":{"line":97,"column":70}},"28":{"start":{"line":98,"column":44},"end":{"line":98,"column":64}},"29":{"start":{"line":103,"column":42},"end":{"line":103,"column":61}},"30":{"start":{"line":104,"column":50},"end":{"line":104,"column":69}}},"fnMap":{"0":{"name":"Calendar","decl":{"start":{"line":9,"column":9},"end":{"line":9,"column":17}},"loc":{"start":{"line":9,"column":20},"end":{"line":109,"column":1}},"line":9},"1":{"name":"(anonymous_1)","decl":{"start":{"line":14,"column":25},"end":{"line":14,"column":26}},"loc":{"start":{"line":14,"column":34},"end":{"line":23,"column":5}},"line":14},"2":{"name":"handleEventAdd","decl":{"start":{"line":25,"column":19},"end":{"line":25,"column":33}},"loc":{"start":{"line":25,"column":40},"end":{"line":48,"column":5}},"line":25},"3":{"name":"handleDatesSet","decl":{"start":{"line":50,"column":19},"end":{"line":50,"column":33}},"loc":{"start":{"line":50,"column":40},"end":{"line":78,"column":5}},"line":50},"4":{"name":"(anonymous_4)","decl":{"start":{"line":65,"column":55},"end":{"line":65,"column":56}},"loc":{"start":{"line":65,"column":67},"end":{"line":70,"column":19}},"line":65},"5":{"name":"(anonymous_5)","decl":{"start":{"line":85,"column":29},"end":{"line":85,"column":30}},"loc":{"start":{"line":85,"column":35},"end":{"line":85,"column":53}},"line":85},"6":{"name":"(anonymous_6)","decl":{"start":{"line":97,"column":34},"end":{"line":97,"column":35}},"loc":{"start":{"line":97,"column":43},"end":{"line":97,"column":70}},"line":97},"7":{"name":"(anonymous_7)","decl":{"start":{"line":98,"column":34},"end":{"line":98,"column":35}},"loc":{"start":{"line":98,"column":44},"end":{"line":98,"column":64}},"line":98},"8":{"name":"(anonymous_8)","decl":{"start":{"line":103,"column":36},"end":{"line":103,"column":37}},"loc":{"start":{"line":103,"column":42},"end":{"line":103,"column":61}},"line":103},"9":{"name":"(anonymous_9)","decl":{"start":{"line":104,"column":41},"end":{"line":104,"column":42}},"loc":{"start":{"line":104,"column":50},"end":{"line":104,"column":69}},"line":104}},"branchMap":{"0":{"loc":{"start":{"line":41,"column":12},"end":{"line":44,"column":13}},"type":"if","locations":[{"start":{"line":41,"column":12},"end":{"line":44,"column":13}},{"start":{},"end":{}}],"line":41},"1":{"loc":{"start":{"line":63,"column":12},"end":{"line":74,"column":13}},"type":"if","locations":[{"start":{"line":63,"column":12},"end":{"line":74,"column":13}},{"start":{"line":72,"column":19},"end":{"line":74,"column":13}}],"line":63}},"s":{"0":0,"1":0,"2":0,"3":0,"4":0,"5":0,"6":0,"7":0,"8":0,"9":0,"10":0,"11":0,"12":0,"13":0,"14":0,"15":0,"16":0,"17":0,"18":0,"19":0,"20":0,"21":0,"22":0,"23":0,"24":0,"25":0,"26":0,"27":0,"28":0,"29":0,"30":0},"f":{"0":0,"1":0,"2":0,"3":0,"4":0,"5":0,"6":0,"7":0,"8":0,"9":0},"b":{"0":[0,0],"1":[0,0]}}
,"C:\\Users\\lulub\\Desktop\\ZoneDeTravail\\Ecole-Professionel\\Ecole\\TI\\2eme\\Cours\\devIII\\Projet_DevIII\\Projet_DevIII\\frontend\\src\\components\\Sidenav.jsx": {"path":"C:\\Users\\lulub\\Desktop\\ZoneDeTravail\\Ecole-Professionel\\Ecole\\TI\\2eme\\Cours\\devIII\\Projet_DevIII\\Projet_DevIII\\frontend\\src\\components\\Sidenav.jsx","statementMap":{"0":{"start":{"line":12,"column":4},"end":{"line":43,"column":5}}},"fnMap":{"0":{"name":"Sidenav","decl":{"start":{"line":10,"column":9},"end":{"line":10,"column":16}},"loc":{"start":{"line":10,"column":77},"end":{"line":44,"column":1}},"line":10}},"branchMap":{"0":{"loc":{"start":{"line":10,"column":53},"end":{"line":10,"column":74}},"type":"default-arg","locations":[{"start":{"line":10,"column":70},"end":{"line":10,"column":74}}],"line":10}},"s":{"0":0},"f":{"0":0},"b":{"0":[0]}}
,"C:\\Users\\lulub\\Desktop\\ZoneDeTravail\\Ecole-Professionel\\Ecole\\TI\\2eme\\Cours\\devIII\\Projet_DevIII\\Projet_DevIII\\frontend\\src\\components\\affichageTemoignages.jsx": {"path":"C:\\Users\\lulub\\Desktop\\ZoneDeTravail\\Ecole-Professionel\\Ecole\\TI\\2eme\\Cours\\devIII\\Projet_DevIII\\Projet_DevIII\\frontend\\src\\components\\affichageTemoignages.jsx","statementMap":{"0":{"start":{"line":4,"column":26},"end":{"line":4,"column":38}},"1":{"start":{"line":5,"column":38},"end":{"line":5,"column":53}},"2":{"start":{"line":6,"column":16},"end":{"line":6,"column":29}},"3":{"start":{"line":10,"column":8},"end":{"line":10,"column":26}},"4":{"start":{"line":11,"column":8},"end":{"line":27,"column":14}},"5":{"start":{"line":17,"column":30},"end":{"line":17,"column":45}},"6":{"start":{"line":21,"column":20},"end":{"line":21,"column":39}},"7":{"start":{"line":22,"column":20},"end":{"line":22,"column":41}},"8":{"start":{"line":23,"column":20},"end":{"line":23,"column":36}},"9":{"start":{"line":29,"column":4},"end":{"line":31,"column":11}},"10":{"start":{"line":30,"column":8},"end":{"line":30,"column":23}},"11":{"start":{"line":35,"column":4},"end":{"line":37,"column":5}},"12":{"start":{"line":36,"column":8},"end":{"line":36,"column":53}},"13":{"start":{"line":38,"column":4},"end":{"line":50,"column":6}},"14":{"start":{"line":42,"column":16},"end":{"line":46,"column":23}}},"fnMap":{"0":{"name":"AffichageTemoignages","decl":{"start":{"line":3,"column":9},"end":{"line":3,"column":29}},"loc":{"start":{"line":3,"column":41},"end":{"line":52,"column":1}},"line":3},"1":{"name":"getTemoignage","decl":{"start":{"line":8,"column":19},"end":{"line":8,"column":32}},"loc":{"start":{"line":8,"column":35},"end":{"line":28,"column":5}},"line":8},"2":{"name":"(anonymous_2)","decl":{"start":{"line":17,"column":18},"end":{"line":17,"column":19}},"loc":{"start":{"line":17,"column":30},"end":{"line":17,"column":45}},"line":17},"3":{"name":"(anonymous_3)","decl":{"start":{"line":18,"column":18},"end":{"line":18,"column":19}},"loc":{"start":{"line":18,"column":26},"end":{"line":27,"column":13}},"line":18},"4":{"name":"(anonymous_4)","decl":{"start":{"line":29,"column":14},"end":{"line":29,"column":15}},"loc":{"start":{"line":29,"column":20},"end":{"line":31,"column":5}},"line":29},"5":{"name":"(anonymous_5)","decl":{"start":{"line":41,"column":21},"end":{"line":41,"column":22}},"loc":{"start":{"line":41,"column":37},"end":{"line":46,"column":24}},"line":41}},"branchMap":{"0":{"loc":{"start":{"line":35,"column":4},"end":{"line":37,"column":5}},"type":"if","locations":[{"start":{"line":35,"column":4},"end":{"line":37,"column":5}},{"start":{},"end":{}}],"line":35}},"s":{"0":2,"1":2,"2":2,"3":1,"4":1,"5":0,"6":0,"7":0,"8":0,"9":2,"10":1,"11":2,"12":1,"13":1,"14":0},"f":{"0":2,"1":1,"2":0,"3":0,"4":1,"5":0},"b":{"0":[1,1]},"_coverageSchema":"1a1c01bbd47fc00a2c39e90264f33305004495a9","hash":"966c9a6ce7baf9ac57eac1e84b8b0510d9665226"}
,"C:\\Users\\lulub\\Desktop\\ZoneDeTravail\\Ecole-Professionel\\Ecole\\TI\\2eme\\Cours\\devIII\\Projet_DevIII\\Projet_DevIII\\frontend\\src\\components\\nav.js": {"path":"C:\\Users\\lulub\\Desktop\\ZoneDeTravail\\Ecole-Professionel\\Ecole\\TI\\2eme\\Cours\\devIII\\Projet_DevIII\\Projet_DevIII\\frontend\\src\\components\\nav.js","statementMap":{"0":{"start":{"line":18,"column":44},"end":{"line":18,"column":59}},"1":{"start":{"line":19,"column":17},"end":{"line":19,"column":31}},"2":{"start":{"line":20,"column":2},"end":{"line":20,"column":32}},"3":{"start":{"line":22,"column":2},"end":{"line":26,"column":9}},"4":{"start":{"line":23,"column":4},"end":{"line":25,"column":7}},"5":{"start":{"line":28,"column":2},"end":{"line":39,"column":8}},"6":{"start":{"line":29,"column":25},"end":{"line":34,"column":5}},"7":{"start":{"line":30,"column":19},"end":{"line":30,"column":39}},"8":{"start":{"line":31,"column":6},"end":{"line":33,"column":7}},"9":{"start":{"line":32,"column":8},"end":{"line":32,"column":30}},"10":{"start":{"line":35,"column":4},"end":{"line":35,"column":53}},"11":{"start":{"line":36,"column":4},"end":{"line":38,"column":5}},"12":{"start":{"line":37,"column":6},"end":{"line":37,"column":58}},"13":{"start":{"line":41,"column":2},"end":{"line":72,"column":3}}},"fnMap":{"0":{"name":"NavComponent","decl":{"start":{"line":16,"column":9},"end":{"line":16,"column":21}},"loc":{"start":{"line":16,"column":24},"end":{"line":73,"column":1}},"line":16},"1":{"name":"(anonymous_1)","decl":{"start":{"line":22,"column":12},"end":{"line":22,"column":13}},"loc":{"start":{"line":22,"column":18},"end":{"line":26,"column":3}},"line":22},"2":{"name":"(anonymous_2)","decl":{"start":{"line":28,"column":12},"end":{"line":28,"column":13}},"loc":{"start":{"line":28,"column":18},"end":{"line":39,"column":3}},"line":28},"3":{"name":"(anonymous_3)","decl":{"start":{"line":29,"column":25},"end":{"line":29,"column":26}},"loc":{"start":{"line":29,"column":31},"end":{"line":34,"column":5}},"line":29},"4":{"name":"(anonymous_4)","decl":{"start":{"line":36,"column":11},"end":{"line":36,"column":12}},"loc":{"start":{"line":36,"column":17},"end":{"line":38,"column":5}},"line":36}},"branchMap":{"0":{"loc":{"start":{"line":31,"column":6},"end":{"line":33,"column":7}},"type":"if","locations":[{"start":{"line":31,"column":6},"end":{"line":33,"column":7}},{"start":{},"end":{}}],"line":31},"1":{"loc":{"start":{"line":49,"column":12},"end":{"line":49,"column":50}},"type":"cond-expr","locations":[{"start":{"line":49,"column":28},"end":{"line":49,"column":34}},{"start":{"line":49,"column":37},"end":{"line":49,"column":50}}],"line":49},"2":{"loc":{"start":{"line":50,"column":17},"end":{"line":50,"column":49}},"type":"cond-expr","locations":[{"start":{"line":50,"column":33},"end":{"line":50,"column":39}},{"start":{"line":50,"column":42},"end":{"line":50,"column":49}}],"line":50}},"s":{"0":0,"1":0,"2":0,"3":0,"4":0,"5":0,"6":0,"7":0,"8":0,"9":0,"10":0,"11":0,"12":0,"13":0},"f":{"0":0,"1":0,"2":0,"3":0,"4":0},"b":{"0":[0,0],"1":[0,0],"2":[0,0]}}
,"C:\\Users\\lulub\\Desktop\\ZoneDeTravail\\Ecole-Professionel\\Ecole\\TI\\2eme\\Cours\\devIII\\Projet_DevIII\\Projet_DevIII\\frontend\\src\\page\\adminPanel\\index.jsx": {"path":"C:\\Users\\lulub\\Desktop\\ZoneDeTravail\\Ecole-Professionel\\Ecole\\TI\\2eme\\Cours\\devIII\\Projet_DevIII\\Projet_DevIII\\frontend\\src\\page\\adminPanel\\index.jsx","statementMap":{"0":{"start":{"line":7,"column":2},"end":{"line":11,"column":4}}},"fnMap":{"0":{"name":"AdminPanel","decl":{"start":{"line":5,"column":9},"end":{"line":5,"column":19}},"loc":{"start":{"line":5,"column":22},"end":{"line":12,"column":1}},"line":5}},"branchMap":{},"s":{"0":0},"f":{"0":0},"b":{}}
,"C:\\Users\\lulub\\Desktop\\ZoneDeTravail\\Ecole-Professionel\\Ecole\\TI\\2eme\\Cours\\devIII\\Projet_DevIII\\Projet_DevIII\\frontend\\src\\page\\informations\\index.jsx": {"path":"C:\\Users\\lulub\\Desktop\\ZoneDeTravail\\Ecole-Professionel\\Ecole\\TI\\2eme\\Cours\\devIII\\Projet_DevIII\\Projet_DevIII\\frontend\\src\\page\\informations\\index.jsx","statementMap":{"0":{"start":{"line":12,"column":4},"end":{"line":18,"column":6}}},"fnMap":{"0":{"name":"Informations","decl":{"start":{"line":11,"column":9},"end":{"line":11,"column":21}},"loc":{"start":{"line":11,"column":24},"end":{"line":19,"column":1}},"line":11}},"branchMap":{},"s":{"0":0},"f":{"0":0},"b":{}}
}
