TN:
SF:C:\Users\lulub\Desktop\ZoneDeTravail\Ecole-Professionel\Ecole\TI\2eme\Cours\devIII\Projet_DevIII\Projet_DevIII\frontend\src\App.js
FN:8,App
FNF:1
FNH:0
FNDA:0,App
DA:1,0
DA:2,0
DA:3,0
DA:4,0
DA:5,0
DA:6,0
DA:10,0
DA:34,0
LF:8
LH:0
BRF:0
BRH:0
end_of_record
TN:
SF:C:\Users\lulub\Desktop\ZoneDeTravail\Ecole-Professionel\Ecole\TI\2eme\Cours\devIII\Projet_DevIII\Projet_DevIII\frontend\src\bs-init.js
FN:3,(anonymous_0)
FN:12,(anonymous_1)
FN:18,(anonymous_2)
FNF:3
FNH:0
FNDA:0,(anonymous_0)
FNDA:0,(anonymous_1)
FNDA:0,(anonymous_2)
DA:1,0
DA:2,0
DA:3,0
DA:4,0
DA:5,0
DA:6,0
DA:7,0
DA:8,0
DA:12,0
DA:13,0
DA:14,0
DA:17,0
DA:18,0
DA:19,0
LF:14
LH:0
BRDA:2,0,0,0
BRDA:2,0,1,0
BRDA:13,1,0,0
BRDA:13,1,1,0
BRF:4
BRH:0
end_of_record
TN:
SF:C:\Users\lulub\Desktop\ZoneDeTravail\Ecole-Professionel\Ecole\TI\2eme\Cours\devIII\Projet_DevIII\Projet_DevIII\frontend\src\index.js
FNF:0
FNH:0
DA:1,0
DA:2,0
DA:3,0
DA:4,0
DA:7,0
DA:9,0
LF:6
LH:0
BRF:0
BRH:0
end_of_record
TN:
SF:C:\Users\lulub\Desktop\ZoneDeTravail\Ecole-Professionel\Ecole\TI\2eme\Cours\devIII\Projet_DevIII\Projet_DevIII\frontend\src\reportWebVitals.js
FN:1,(anonymous_3)
FN:3,(anonymous_4)
FN:3,(anonymous_5)
FNF:3
FNH:0
FNDA:0,(anonymous_3)
FNDA:0,(anonymous_4)
FNDA:0,(anonymous_5)
DA:1,0
DA:2,0
DA:3,0
DA:4,0
DA:5,0
DA:6,0
DA:7,0
DA:8,0
DA:13,0
LF:9
LH:0
BRDA:2,0,0,0
BRDA:2,0,1,0
BRDA:2,1,0,0
BRDA:2,1,1,0
BRF:4
BRH:0
end_of_record
TN:
SF:C:\Users\lulub\Desktop\ZoneDeTravail\Ecole-Professionel\Ecole\TI\2eme\Cours\devIII\Projet_DevIII\Projet_DevIII\frontend\src\setupTests.js
FNF:0
FNH:0
LF:0
LH:0
BRF:0
BRH:0
end_of_record
TN:
SF:C:\Users\lulub\Desktop\ZoneDeTravail\Ecole-Professionel\Ecole\TI\2eme\Cours\devIII\Projet_DevIII\Projet_DevIII\frontend\src\components\affichageTemoignages.jsx
FN:3,AffichageTemoignages
FN:8,postTemoignage
FN:17,(anonymous_2)
FN:18,(anonymous_3)
FN:29,(anonymous_4)
FN:41,(anonymous_5)
FNF:6
FNH:3
FNDA:2,AffichageTemoignages
FNDA:1,postTemoignage
FNDA:0,(anonymous_2)
FNDA:0,(anonymous_3)
FNDA:1,(anonymous_4)
FNDA:0,(anonymous_5)
DA:4,2
DA:5,2
DA:6,2
DA:10,1
DA:11,1
DA:17,0
DA:21,0
DA:22,0
DA:23,0
DA:29,2
DA:30,1
DA:35,2
DA:36,1
DA:38,1
DA:42,0
LF:15
LH:10
BRDA:35,0,0,1
BRDA:35,0,1,1
BRF:2
BRH:2
end_of_record
TN:
SF:C:\Users\lulub\Desktop\ZoneDeTravail\Ecole-Professionel\Ecole\TI\2eme\Cours\devIII\Projet_DevIII\Projet_DevIII\frontend\src\components\contact.js
FN:3,Contact
FNF:1
FNH:0
FNDA:0,Contact
DA:1,0
DA:4,0
DA:23,0
LF:3
LH:0
BRF:0
BRH:0
end_of_record
TN:
SF:C:\Users\lulub\Desktop\ZoneDeTravail\Ecole-Professionel\Ecole\TI\2eme\Cours\devIII\Projet_DevIII\Projet_DevIII\frontend\src\components\footer.js
FN:3,Footer
FNF:1
FNH:0
FNDA:0,Footer
DA:1,0
DA:4,0
DA:23,0
LF:3
LH:0
BRF:0
BRH:0
end_of_record
TN:
SF:C:\Users\lulub\Desktop\ZoneDeTravail\Ecole-Professionel\Ecole\TI\2eme\Cours\devIII\Projet_DevIII\Projet_DevIII\frontend\src\components\header.js
FN:5,Header
FNF:1
FNH:0
FNDA:0,Header
DA:1,0
DA:2,0
DA:3,0
DA:6,0
DA:22,0
LF:5
LH:0
BRF:0
BRH:0
end_of_record
TN:
SF:C:\Users\lulub\Desktop\ZoneDeTravail\Ecole-Professionel\Ecole\TI\2eme\Cours\devIII\Projet_DevIII\Projet_DevIII\frontend\src\components\map.js
FN:3,Map
FNF:1
FNH:0
FNDA:0,Map
DA:1,0
DA:4,0
DA:14,0
LF:3
LH:0
BRF:0
BRH:0
end_of_record
TN:
SF:C:\Users\lulub\Desktop\ZoneDeTravail\Ecole-Professionel\Ecole\TI\2eme\Cours\devIII\Projet_DevIII\Projet_DevIII\frontend\src\components\nav.js
FN:3,Nav
FNF:1
FNH:0
FNDA:0,Nav
DA:1,0
DA:4,0
DA:21,0
LF:3
LH:0
BRF:0
BRH:0
end_of_record
TN:
SF:C:\Users\lulub\Desktop\ZoneDeTravail\Ecole-Professionel\Ecole\TI\2eme\Cours\devIII\Projet_DevIII\Projet_DevIII\frontend\src\components\rdvFormulaire.jsx
FN:2,_getRequireWildcardCache
FN:5,RendezvousFormulaire
FN:11,handleSubmit
FNF:3
FNH:0
FNDA:0,_getRequireWildcardCache
FNDA:0,RendezvousFormulaire
FNDA:0,handleSubmit
DA:1,0
DA:2,0
DA:6,0
DA:7,0
DA:8,0
DA:9,0
DA:12,0
DA:15,0
DA:36,0
LF:9
LH:0
BRDA:2,0,0,0
BRDA:2,0,1,0
BRDA:2,1,0,0
BRDA:2,1,1,0
BRDA:2,1,2,0
BRF:5
BRH:0
end_of_record
TN:
SF:C:\Users\lulub\Desktop\ZoneDeTravail\Ecole-Professionel\Ecole\TI\2eme\Cours\devIII\Projet_DevIII\Projet_DevIII\frontend\src\components\tarifs.js
FN:4,Tarifs
FNF:1
FNH:0
FNDA:0,Tarifs
DA:1,0
DA:2,0
DA:5,0
DA:50,0
LF:4
LH:0
BRF:0
BRH:0
end_of_record
TN:
SF:C:\Users\lulub\Desktop\ZoneDeTravail\Ecole-Professionel\Ecole\TI\2eme\Cours\devIII\Projet_DevIII\Projet_DevIII\frontend\src\components\temoignages.jsx
FN:2,Temoignages
FN:6,eventHandler
FN:10,postTemoignage
FN:32,(anonymous_3)
FN:33,(anonymous_4)
FN:43,(anonymous_5)
FNF:6
FNH:1
FNDA:1,Temoignages
FNDA:0,eventHandler
FNDA:0,postTemoignage
FNDA:0,(anonymous_3)
FNDA:0,(anonymous_4)
FNDA:0,(anonymous_5)
DA:4,1
DA:7,0
DA:12,0
DA:13,0
DA:14,0
DA:15,0
DA:17,0
DA:18,0
DA:32,0
DA:35,0
DA:36,0
DA:37,0
DA:38,0
DA:43,0
DA:47,1
LF:15
LH:2
BRDA:13,0,0,0
BRDA:13,0,1,0
BRDA:32,1,0,0
BRDA:32,1,1,0
BRDA:37,2,0,0
BRDA:37,2,1,0
BRF:6
BRH:0
end_of_record
TN:
SF:C:\Users\lulub\Desktop\ZoneDeTravail\Ecole-Professionel\Ecole\TI\2eme\Cours\devIII\Projet_DevIII\Projet_DevIII\frontend\src\page\homepage\index.jsx
FN:9,Homepage
FNF:1
FNH:0
FNDA:0,Homepage
DA:1,0
DA:2,0
DA:3,0
DA:4,0
DA:5,0
DA:6,0
DA:7,0
DA:10,0
DA:21,0
LF:9
LH:0
BRF:0
BRH:0
end_of_record
TN:
SF:C:\Users\lulub\Desktop\ZoneDeTravail\Ecole-Professionel\Ecole\TI\2eme\Cours\devIII\Projet_DevIII\Projet_DevIII\frontend\src\page\informations\index.jsx
FN:10,Informations
FNF:1
FNH:0
FNDA:0,Informations
DA:1,0
DA:2,0
DA:3,0
DA:4,0
DA:5,0
DA:6,0
DA:7,0
DA:8,0
DA:11,0
DA:18,0
LF:10
LH:0
BRF:0
BRH:0
end_of_record
TN:
SF:C:\Users\lulub\Desktop\ZoneDeTravail\Ecole-Professionel\Ecole\TI\2eme\Cours\devIII\Projet_DevIII\Projet_DevIII\frontend\src\page\rendezvous\index.jsx
FN:5,Rendezvous
FNF:1
FNH:0
FNDA:0,Rendezvous
DA:1,0
DA:2,0
DA:3,0
DA:6,0
DA:13,0
LF:5
LH:0
BRF:0
BRH:0
end_of_record
