TN:
SF:src\App.js
FN:15,App
FNF:1
FNH:0
FNDA:0,App
DA:18,0
LF:1
LH:0
BRF:0
BRH:0
end_of_record
TN:
SF:src\components\AdminPanelInfo.jsx
FN:15,AdminPanelInfo
FN:21,handleCalendarClick
FN:27,handleDashboardClick
FN:33,handleAnamnesesClick
FNF:4
FNH:0
FNDA:0,AdminPanelInfo
FNDA:0,handleCalendarClick
FNDA:0,handleDashboardClick
FNDA:0,handleAnamnesesClick
DA:17,0
DA:18,0
DA:19,0
DA:22,0
DA:23,0
DA:24,0
DA:28,0
DA:29,0
DA:30,0
DA:34,0
DA:35,0
DA:36,0
DA:39,0
LF:13
LH:0
BRDA:67,0,0,0
BRDA:67,0,1,0
BRDA:68,1,0,0
BRDA:68,1,1,0
BRDA:69,2,0,0
BRDA:69,2,1,0
BRF:6
BRH:0
end_of_record
TN:
SF:src\components\Anamneses.js
FN:3,Anamneses
FN:11,ajouterAnamnese
FN:16,voirAnamnese
FN:21,modifierAnamnese
FN:26,postAnamnese
FN:46,(anonymous_5)
FN:47,(anonymous_6)
FN:58,(anonymous_7)
FN:61,putAnamnese
FN:81,(anonymous_9)
FN:82,(anonymous_10)
FN:93,(anonymous_11)
FN:97,getAnamneses
FN:106,(anonymous_13)
FN:107,(anonymous_14)
FN:116,(anonymous_15)
FN:126,(anonymous_16)
FN:134,(anonymous_17)
FN:137,(anonymous_18)
FN:148,(anonymous_19)
FN:154,(anonymous_20)
FN:157,(anonymous_21)
FNF:22
FNH:0
FNDA:0,Anamneses
FNDA:0,ajouterAnamnese
FNDA:0,voirAnamnese
FNDA:0,modifierAnamnese
FNDA:0,postAnamnese
FNDA:0,(anonymous_5)
FNDA:0,(anonymous_6)
FNDA:0,(anonymous_7)
FNDA:0,putAnamnese
FNDA:0,(anonymous_9)
FNDA:0,(anonymous_10)
FNDA:0,(anonymous_11)
FNDA:0,getAnamneses
FNDA:0,(anonymous_13)
FNDA:0,(anonymous_14)
FNDA:0,(anonymous_15)
FNDA:0,(anonymous_16)
FNDA:0,(anonymous_17)
FNDA:0,(anonymous_18)
FNDA:0,(anonymous_19)
FNDA:0,(anonymous_20)
FNDA:0,(anonymous_21)
DA:4,0
DA:5,0
DA:6,0
DA:7,0
DA:9,0
DA:12,0
DA:13,0
DA:17,0
DA:18,0
DA:22,0
DA:23,0
DA:27,0
DA:29,0
DA:31,0
DA:32,0
DA:46,0
DA:49,0
DA:50,0
DA:58,0
DA:62,0
DA:64,0
DA:66,0
DA:67,0
DA:81,0
DA:84,0
DA:85,0
DA:93,0
DA:99,0
DA:100,0
DA:106,0
DA:109,0
DA:110,0
DA:111,0
DA:116,0
DA:117,0
DA:120,0
DA:121,0
DA:123,0
DA:127,0
DA:128,0
DA:134,0
DA:137,0
DA:148,0
DA:154,0
DA:157,0
LF:45
LH:0
BRDA:46,0,0,0
BRDA:46,0,1,0
BRDA:81,1,0,0
BRDA:81,1,1,0
BRDA:120,2,0,0
BRDA:120,2,1,0
BRDA:132,3,0,0
BRDA:132,3,1,0
BRDA:135,4,0,0
BRDA:135,4,1,0
BRDA:149,5,0,0
BRDA:149,5,1,0
BRDA:151,6,0,0
BRDA:151,6,1,0
BRF:14
BRH:0
end_of_record
TN:
SF:src\components\Calendar.jsx
FN:9,Calendar
FN:14,(anonymous_1)
FN:25,handleEventAdd
FN:50,handleDatesSet
FN:65,(anonymous_4)
FN:85,(anonymous_5)
FN:97,(anonymous_6)
FN:98,(anonymous_7)
FN:103,(anonymous_8)
FN:104,(anonymous_9)
FNF:10
FNH:0
FNDA:0,Calendar
FNDA:0,(anonymous_1)
FNDA:0,handleEventAdd
FNDA:0,handleDatesSet
FNDA:0,(anonymous_4)
FNDA:0,(anonymous_5)
FNDA:0,(anonymous_6)
FNDA:0,(anonymous_7)
FNDA:0,(anonymous_8)
FNDA:0,(anonymous_9)
DA:10,0
DA:11,0
DA:12,0
DA:14,0
DA:15,0
DA:16,0
DA:26,0
DA:27,0
DA:33,0
DA:40,0
DA:41,0
DA:42,0
DA:43,0
DA:46,0
DA:51,0
DA:52,0
DA:53,0
DA:54,0
DA:63,0
DA:64,0
DA:65,0
DA:71,0
DA:73,0
DA:76,0
DA:82,0
DA:85,0
DA:97,0
DA:98,0
DA:103,0
DA:104,0
LF:30
LH:0
BRDA:41,0,0,0
BRDA:41,0,1,0
BRDA:63,1,0,0
BRDA:63,1,1,0
BRF:4
BRH:0
end_of_record
TN:
SF:src\components\Sidenav.jsx
FN:10,Sidenav
FNF:1
FNH:0
FNDA:0,Sidenav
DA:12,0
LF:1
LH:0
BRDA:10,0,0,0
BRF:1
BRH:0
end_of_record
TN:
SF:src\components\affichageTemoignages.jsx
FN:3,AffichageTemoignages
FN:8,getTemoignage
FN:17,(anonymous_2)
FN:18,(anonymous_3)
FN:29,(anonymous_4)
FN:41,(anonymous_5)
FNF:6
FNH:3
FNDA:2,AffichageTemoignages
FNDA:1,getTemoignage
FNDA:0,(anonymous_2)
FNDA:0,(anonymous_3)
FNDA:1,(anonymous_4)
FNDA:0,(anonymous_5)
DA:4,2
DA:5,2
DA:6,2
DA:10,1
DA:11,1
DA:17,0
DA:21,0
DA:22,0
DA:23,0
DA:29,2
DA:30,1
DA:35,2
DA:36,1
DA:38,1
DA:42,0
LF:15
LH:10
BRDA:35,0,0,1
BRDA:35,0,1,1
BRF:2
BRH:2
end_of_record
TN:
SF:src\components\nav.js
FN:16,NavComponent
FN:22,(anonymous_1)
FN:28,(anonymous_2)
FN:29,(anonymous_3)
FN:36,(anonymous_4)
FNF:5
FNH:0
FNDA:0,NavComponent
FNDA:0,(anonymous_1)
FNDA:0,(anonymous_2)
FNDA:0,(anonymous_3)
FNDA:0,(anonymous_4)
DA:18,0
DA:19,0
DA:20,0
DA:22,0
DA:23,0
DA:28,0
DA:29,0
DA:30,0
DA:31,0
DA:32,0
DA:35,0
DA:36,0
DA:37,0
DA:41,0
LF:14
LH:0
BRDA:31,0,0,0
BRDA:31,0,1,0
BRDA:49,1,0,0
BRDA:49,1,1,0
BRDA:50,2,0,0
BRDA:50,2,1,0
BRF:6
BRH:0
end_of_record
TN:
SF:src\page\adminPanel\index.jsx
FN:5,AdminPanel
FNF:1
FNH:0
FNDA:0,AdminPanel
DA:7,0
LF:1
LH:0
BRF:0
BRH:0
end_of_record
TN:
SF:src\page\informations\index.jsx
FN:11,Informations
FNF:1
FNH:0
FNDA:0,Informations
DA:12,0
LF:1
LH:0
BRF:0
BRH:0
end_of_record
